Determining if the include file malloc/malloc.h exists failed with the following output:
Change Dir: /home/shelly/klee_home/build/CMakeFiles/CMakeTmp

Run Build Command:"/usr/bin/make" "cmTC_e7c53/fast"
/usr/bin/make -f CMakeFiles/cmTC_e7c53.dir/build.make CMakeFiles/cmTC_e7c53.dir/build
make[1]: Entering directory '/home/shelly/klee_home/build/CMakeFiles/CMakeTmp'
Building CXX object CMakeFiles/cmTC_e7c53.dir/CheckIncludeFile.cxx.o
/usr/bin/c++     -Wall -Wextra -Wno-unused-parameter    -o CMakeFiles/cmTC_e7c53.dir/CheckIncludeFile.cxx.o -c /home/shelly/klee_home/build/CMakeFiles/CMakeTmp/CheckIncludeFile.cxx
/home/shelly/klee_home/build/CMakeFiles/CMakeTmp/CheckIncludeFile.cxx:1:27: fatal error: malloc/malloc.h: No such file or directory
compilation terminated.
CMakeFiles/cmTC_e7c53.dir/build.make:65: recipe for target 'CMakeFiles/cmTC_e7c53.dir/CheckIncludeFile.cxx.o' failed
make[1]: *** [CMakeFiles/cmTC_e7c53.dir/CheckIncludeFile.cxx.o] Error 1
make[1]: Leaving directory '/home/shelly/klee_home/build/CMakeFiles/CMakeTmp'
Makefile:126: recipe for target 'cmTC_e7c53/fast' failed
make: *** [cmTC_e7c53/fast] Error 2


Determining if the function malloc_zone_statistics exists failed with the following output:
Change Dir: /home/shelly/klee_home/build/CMakeFiles/CMakeTmp

Run Build Command:"/usr/bin/make" "cmTC_d82c7/fast"
/usr/bin/make -f CMakeFiles/cmTC_d82c7.dir/build.make CMakeFiles/cmTC_d82c7.dir/build
make[1]: Entering directory '/home/shelly/klee_home/build/CMakeFiles/CMakeTmp'
Building C object CMakeFiles/cmTC_d82c7.dir/CheckFunctionExists.c.o
/usr/bin/cc    -Wall -Wextra -Wno-unused-parameter -DCHECK_FUNCTION_EXISTS=malloc_zone_statistics   -o CMakeFiles/cmTC_d82c7.dir/CheckFunctionExists.c.o   -c /usr/share/cmake-3.5/Modules/CheckFunctionExists.c
Linking C executable cmTC_d82c7
/usr/bin/cmake -E cmake_link_script CMakeFiles/cmTC_d82c7.dir/link.txt --verbose=1
/usr/bin/cc   -Wall -Wextra -Wno-unused-parameter -DCHECK_FUNCTION_EXISTS=malloc_zone_statistics    CMakeFiles/cmTC_d82c7.dir/CheckFunctionExists.c.o  -o cmTC_d82c7 -rdynamic 
CMakeFiles/cmTC_d82c7.dir/CheckFunctionExists.c.o: In function `main':
CheckFunctionExists.c:(.text+0x15): undefined reference to `malloc_zone_statistics'
collect2: error: ld returned 1 exit status
CMakeFiles/cmTC_d82c7.dir/build.make:97: recipe for target 'cmTC_d82c7' failed
make[1]: *** [cmTC_d82c7] Error 1
make[1]: Leaving directory '/home/shelly/klee_home/build/CMakeFiles/CMakeTmp'
Makefile:126: recipe for target 'cmTC_d82c7/fast' failed
make: *** [cmTC_d82c7/fast] Error 2


Determining if the include file selinux/selinux.h exists failed with the following output:
Change Dir: /home/shelly/klee_home/build/CMakeFiles/CMakeTmp

Run Build Command:"/usr/bin/make" "cmTC_1f2ec/fast"
/usr/bin/make -f CMakeFiles/cmTC_1f2ec.dir/build.make CMakeFiles/cmTC_1f2ec.dir/build
make[1]: Entering directory '/home/shelly/klee_home/build/CMakeFiles/CMakeTmp'
Building C object CMakeFiles/cmTC_1f2ec.dir/CheckIncludeFile.c.o
/usr/bin/cc    -Wall -Wextra -Wno-unused-parameter    -o CMakeFiles/cmTC_1f2ec.dir/CheckIncludeFile.c.o   -c /home/shelly/klee_home/build/CMakeFiles/CMakeTmp/CheckIncludeFile.c
/home/shelly/klee_home/build/CMakeFiles/CMakeTmp/CheckIncludeFile.c:1:29: fatal error: selinux/selinux.h: No such file or directory
compilation terminated.
CMakeFiles/cmTC_1f2ec.dir/build.make:65: recipe for target 'CMakeFiles/cmTC_1f2ec.dir/CheckIncludeFile.c.o' failed
make[1]: *** [CMakeFiles/cmTC_1f2ec.dir/CheckIncludeFile.c.o] Error 1
make[1]: Leaving directory '/home/shelly/klee_home/build/CMakeFiles/CMakeTmp'
Makefile:126: recipe for target 'cmTC_1f2ec/fast' failed
make: *** [cmTC_1f2ec/fast] Error 2


Determining if the include file sys/acl.h exists failed with the following output:
Change Dir: /home/shelly/klee_home/build/CMakeFiles/CMakeTmp

Run Build Command:"/usr/bin/make" "cmTC_60aff/fast"
/usr/bin/make -f CMakeFiles/cmTC_60aff.dir/build.make CMakeFiles/cmTC_60aff.dir/build
make[1]: Entering directory '/home/shelly/klee_home/build/CMakeFiles/CMakeTmp'
Building C object CMakeFiles/cmTC_60aff.dir/CheckIncludeFile.c.o
/usr/bin/cc    -Wall -Wextra -Wno-unused-parameter    -o CMakeFiles/cmTC_60aff.dir/CheckIncludeFile.c.o   -c /home/shelly/klee_home/build/CMakeFiles/CMakeTmp/CheckIncludeFile.c
/home/shelly/klee_home/build/CMakeFiles/CMakeTmp/CheckIncludeFile.c:1:21: fatal error: sys/acl.h: No such file or directory
compilation terminated.
CMakeFiles/cmTC_60aff.dir/build.make:65: recipe for target 'CMakeFiles/cmTC_60aff.dir/CheckIncludeFile.c.o' failed
make[1]: *** [CMakeFiles/cmTC_60aff.dir/CheckIncludeFile.c.o] Error 1
make[1]: Leaving directory '/home/shelly/klee_home/build/CMakeFiles/CMakeTmp'
Makefile:126: recipe for target 'cmTC_60aff/fast' failed
make: *** [cmTC_60aff/fast] Error 2


